\BOOKMARK [1][-]{chapter*.2}{Abstract}{}% 1
\BOOKMARK [0][-]{chapter*.3}{List of Figures}{}% 2
\BOOKMARK [0][-]{chapter*.4}{List of Tables}{}% 3
\BOOKMARK [0][-]{chapter.1}{Introduction}{}% 4
\BOOKMARK [1][-]{section.1.1}{MIREX}{chapter.1}% 5
\BOOKMARK [1][-]{section.1.2}{State of the Art}{chapter.1}% 6
\BOOKMARK [1][-]{section.1.3}{Neural Networks}{chapter.1}% 7
\BOOKMARK [2][-]{subsection.1.3.1}{Unsupervised Learning}{section.1.3}% 8
\BOOKMARK [2][-]{subsection.1.3.2}{Restricted Boltzmann Machines}{section.1.3}% 9
\BOOKMARK [2][-]{subsection.1.3.3}{Deep Belief Network}{section.1.3}% 10
\BOOKMARK [2][-]{subsection.1.3.4}{Musical analysis}{section.1.3}% 11
\BOOKMARK [0][-]{chapter.2}{Implementation}{}% 12
\BOOKMARK [1][-]{section.2.1}{Technologies}{chapter.2}% 13
\BOOKMARK [2][-]{subsection.2.1.1}{Sonic Annotator and Visualizer}{section.2.1}% 14
\BOOKMARK [2][-]{subsection.2.1.2}{Python}{section.2.1}% 15
\BOOKMARK [2][-]{subsection.2.1.3}{Bash}{section.2.1}% 16
\BOOKMARK [2][-]{subsection.2.1.4}{MATLAB and Octave}{section.2.1}% 17
\BOOKMARK [2][-]{subsection.2.1.5}{Deep Learn Toolbox}{section.2.1}% 18
\BOOKMARK [1][-]{section.2.2}{Feature extraction}{chapter.2}% 19
\BOOKMARK [2][-]{subsection.2.2.1}{Key Mode}{section.2.2}% 20
\BOOKMARK [2][-]{subsection.2.2.2}{Segmentation}{section.2.2}% 21
\BOOKMARK [2][-]{subsection.2.2.3}{Tonality}{section.2.2}% 22
\BOOKMARK [2][-]{subsection.2.2.4}{Harmonic analysis}{section.2.2}% 23
\BOOKMARK [2][-]{subsection.2.2.5}{MFCC means}{section.2.2}% 24
\BOOKMARK [1][-]{section.2.3}{Classification}{chapter.2}% 25
\BOOKMARK [0][-]{chapter.3}{Experiments}{}% 26
\BOOKMARK [0][-]{chapter.4}{Conclusions}{}% 27
\BOOKMARK [1][-]{section.4.1}{Future work lines}{chapter.4}% 28
\BOOKMARK [0][-]{section.4.1}{Bibliography}{}% 29
\BOOKMARK [0][-]{appendix.A}{Donwload links}{}% 30
\BOOKMARK [0][-]{appendix.B}{Environment configuration}{}% 31
